<?xml version="1.0" encoding="UTF-8"?>
<!-- Generated by org.testng.reporters.JUnitReportReporter -->
<testsuite hostname="Shashikant" failures="0" tests="2" name="testCases.AppTest" time="12.369" errors="0" timestamp="2022-01-11T12:14:04 EST" skipped="0">
  <testcase classname="testCases.AppTest" name="LoginIn" time="7.029"/>
  <system-out/>
  <testcase classname="testCases.AppTest" name="LoginIn" time="5.340"/>
  <system-out/>
</testsuite> <!-- testCases.AppTest -->
